<?xml version="1.0" encoding="UTF-8"?>
<!-- Generated by org.testng.reporters.JUnitXMLReporter -->
<testsuite hostname="LAPTOP-R0FI7S9S" ignored="0" name="Default test" tests="3" failures="0" timestamp="14 Feb 2023 23:17:03 GMT" time="8.167" errors="0">
  <testcase name="addCategory" time="5.702" classname="test.AddCategoryTest"/>
  <testcase name="duplicateItems" time="0.23" classname="test.AddCategoryTest"/>
  <testcase name="validateMonths" time="2.221" classname="test.AddCategoryTest"/>
</testsuite> <!-- Default test -->
