<?xml version="1.0" encoding="UTF-8"?>
<!-- Generated by org.testng.reporters.JUnitXMLReporter -->
<testsuite hostname="LAPTOP-R0FI7S9S" ignored="0" name="Default test" tests="3" failures="0" timestamp="05 Dec 2022 06:19:59 GMT" time="5.082" errors="0">
  <testcase name="addCategory" time="2.793" classname="test.AddCategoryTest"/>
  <testcase name="duplicateItems" time="0.18" classname="test.AddCategoryTest"/>
  <testcase name="validateMonths" time="2.097" classname="test.AddCategoryTest"/>
</testsuite> <!-- Default test -->
