<?xml version="1.0" encoding="UTF-8"?>
<testng-results skipped="0" failed="0" ignored="0" total="3" passed="3">
  <reporter-output>
  </reporter-output>
  <suite name="Default suite" duration-ms="8167" started-at="2023-02-14T23:16:55Z" finished-at="2023-02-14T23:17:03Z">
    <groups>
    </groups>
    <test name="Default test" duration-ms="8167" started-at="2023-02-14T23:16:55Z" finished-at="2023-02-14T23:17:03Z">
      <class name="test.AddCategoryTest">
        <test-method status="PASS" signature="addCategory()[pri:1, instance:test.AddCategoryTest@3bfdc050]" name="addCategory" duration-ms="5702" started-at="2023-02-14T17:16:55Z" finished-at="2023-02-14T17:17:01Z">
          <reporter-output>
          </reporter-output>
        </test-method> <!-- addCategory -->
        <test-method status="PASS" signature="duplicateItems()[pri:2, instance:test.AddCategoryTest@3bfdc050]" name="duplicateItems" duration-ms="230" started-at="2023-02-14T17:17:01Z" finished-at="2023-02-14T17:17:01Z">
          <reporter-output>
          </reporter-output>
        </test-method> <!-- duplicateItems -->
        <test-method status="PASS" signature="validateMonths()[pri:3, instance:test.AddCategoryTest@3bfdc050]" name="validateMonths" duration-ms="2221" started-at="2023-02-14T17:17:01Z" finished-at="2023-02-14T17:17:03Z">
          <reporter-output>
          </reporter-output>
        </test-method> <!-- validateMonths -->
      </class> <!-- test.AddCategoryTest -->
    </test> <!-- Default test -->
  </suite> <!-- Default suite -->
</testng-results>
